WARNING: All log messages before absl::InitializeLog() is called are written to STDERR
I0000 00:00:1776431682.651309 2604227 port.cc:153] oneDNN custom operations are on. You may see slightly different numerical results due to floating-point round-off errors from different computation orders. To turn them off, set the environment variable `TF_ENABLE_ONEDNN_OPTS=0`.
WARNING: All log messages before absl::InitializeLog() is called are written to STDERR
I0000 00:00:1776431683.601453 2604227 port.cc:153] oneDNN custom operations are on. You may see slightly different numerical results due to floating-point round-off errors from different computation orders. To turn them off, set the environment variable `TF_ENABLE_ONEDNN_OPTS=0`.
Keras: [2.414767   3.9525335  0.11160102 3.2639349 ]
Saved artifact at '/tmp/tmp2rdmwthw'. The following endpoints are available:

* Endpoint 'serve'
  args_0 (POSITIONAL_ONLY): TensorSpec(shape=(None, 128, 64), dtype=tf.float32, name=None)
Output Type:
  TensorSpec(shape=(2, 128, 64), dtype=tf.float32, name=None)
Captures:
  125266795140816: TensorSpec(shape=(), dtype=tf.resource, name=None)
  125266795141392: TensorSpec(shape=(), dtype=tf.resource, name=None)
  125266795143696: TensorSpec(shape=(), dtype=tf.resource, name=None)
/home/binduan/miniconda3/lib/python3.13/site-packages/tensorflow/lite/python/interpreter.py:457: UserWarning:     Warning: tf.lite.Interpreter is deprecated and is scheduled for deletion in
    TF 2.20. Please use the LiteRT interpreter from the ai_edge_litert package.
    See the [migration guide](https://ai.google.dev/edge/litert/migration)
    for details.
    
  warnings.warn(_INTERPRETER_DELETION_WARNING)
TFLite:[2.4152098  3.9535334  0.11113904 3.2641575 ]
max_abs=0.027167
BUG REPRODUCED: TFLite attention_logit_softcap (max_abs=0.027167)
