WARNING: All log messages before absl::InitializeLog() is called are written to STDERR
I0000 00:00:1776431890.437754 2626253 port.cc:153] oneDNN custom operations are on. You may see slightly different numerical results due to floating-point round-off errors from different computation orders. To turn them off, set the environment variable `TF_ENABLE_ONEDNN_OPTS=0`.
WARNING: All log messages before absl::InitializeLog() is called are written to STDERR
I0000 00:00:1776431891.389659 2626253 port.cc:153] oneDNN custom operations are on. You may see slightly different numerical results due to floating-point round-off errors from different computation orders. To turn them off, set the environment variable `TF_ENABLE_ONEDNN_OPTS=0`.
WARNING:tensorflow:5 out of the last 5 calls to <function xla.<locals>.f at 0x7acf7d73c5e0> triggered tf.function retracing. Tracing is expensive and the excessive number of tracings could be due to (1) creating @tf.function repeatedly in a loop, (2) passing tensors with different shapes, (3) passing Python objects instead of tensors. For (1), please define your @tf.function outside of the loop. For (2), @tf.function has reduce_retracing=True option that can avoid unnecessary retracing. For (3), please refer to https://www.tensorflow.org/guide/function#controlling_retracing and https://www.tensorflow.org/api_docs/python/tf/function for  more details.
WARNING:tensorflow:6 out of the last 6 calls to <function xla.<locals>.f at 0x7acf7d73c5e0> triggered tf.function retracing. Tracing is expensive and the excessive number of tracings could be due to (1) creating @tf.function repeatedly in a loop, (2) passing tensors with different shapes, (3) passing Python objects instead of tensors. For (1), please define your @tf.function outside of the loop. For (2), @tf.function has reduce_retracing=True option that can avoid unnecessary retracing. For (3), please refer to https://www.tensorflow.org/guide/function#controlling_retracing and https://www.tensorflow.org/api_docs/python/tf/function for  more details.
==============================================================================
V1: 1D, off-by-one OOB (idx 256)
  x.shape=(256,)  axis=0  indices=[5, 8, 7, 16, 256, 123]
  TF eager : RAISED InvalidArgumentError
  PyTorch  : RAISED IndexError
  XLA jit  : [5.0, 8.0, 7.0, 16.0, 255.0, 123.0]
  -> BUG: XLA silently produced output instead of erroring

==============================================================================
V2: 1D, far-OOB (idx 1000)
  x.shape=(256,)  axis=0  indices=[5, 8, 1000, 123]
  TF eager : RAISED InvalidArgumentError
  PyTorch  : RAISED IndexError
  XLA jit  : [5.0, 8.0, 255.0, 123.0]
  -> BUG: XLA silently produced output instead of erroring

==============================================================================
V3: 1D, negative OOB (idx -1)
  x.shape=(256,)  axis=0  indices=[5, -1, 7, 16, 123]
  TF eager : RAISED InvalidArgumentError
  PyTorch  : RAISED IndexError
  XLA jit  : [5.0, 0.0, 7.0, 16.0, 123.0]
  -> BUG: XLA silently produced output instead of erroring

==============================================================================
V4: 1D, negative far-OOB (idx -300)
  x.shape=(256,)  axis=0  indices=[5, -300, 7, 123]
  TF eager : RAISED InvalidArgumentError
  PyTorch  : RAISED IndexError
  XLA jit  : [5.0, 0.0, 7.0, 123.0]
  -> BUG: XLA silently produced output instead of erroring

==============================================================================
V5: 1D, INT_MAX
  x.shape=(256,)  axis=0  indices=[5, 2147483647]
  TF eager : RAISED InvalidArgumentError
  PyTorch  : RAISED IndexError
  XLA jit  : [5.0, 255.0]
  -> BUG: XLA silently produced output instead of erroring

==============================================================================
V6: 1D, multiple OOB indices
  x.shape=(256,)  axis=0  indices=[256, 257, 999, 1000000]
  TF eager : RAISED InvalidArgumentError
  PyTorch  : RAISED IndexError
  XLA jit  : [255.0, 255.0, 255.0, 255.0]
  -> BUG: XLA silently produced output instead of erroring

==============================================================================
V7: 2D, axis=1 OOB on inner dim
  x.shape=(4, 5)  axis=1  indices=[0, 1, 5, 4]
  TF eager : RAISED InvalidArgumentError
  PyTorch  : RAISED RuntimeError
  XLA jit  : [[0.0, 1.0, 4.0, 4.0], [5.0, 6.0, 9.0, 9.0], [10.0, 11.0, 14.0, 14.0], [15.0, 16.0, 19.0, 19.0]]
  -> BUG: XLA silently produced output instead of erroring

==============================================================================
V8: 2D, axis=0 OOB on outer dim
  x.shape=(4, 5)  axis=0  indices=[0, 1, 4, 3]
  TF eager : RAISED InvalidArgumentError
  PyTorch  : RAISED IndexError
  XLA jit  : [[0.0, 1.0, 2.0, 3.0, 4.0], [5.0, 6.0, 7.0, 8.0, 9.0], [15.0, 16.0, 17.0, 18.0, 19.0], [15.0, 16.0, 17.0, 18.0, 19.0]]
  -> BUG: XLA silently produced output instead of erroring

