W0000 00:00:1776413098.241962  339876 local_rendezvous.cc:412] Local rendezvous is aborting with status: INVALID_ARGUMENT: Expected size[2] in [0, 3], but got 4
W0000 00:00:1776413098.261181  339876 op_kernel.cc:1858] OP_REQUIRES failed at xla_ops.cc:602 : INVALID_ARGUMENT: Expected size[2] in [0, 3], but got 4

Stack trace for op definition: 
File "myspace/trion/bugs/new_minimal/xla/cross_xla_autocluster_slice_oob_suppress.py", line 77, in <module>
File "myspace/trion/bugs/new_minimal/xla/cross_xla_autocluster_slice_oob_suppress.py", line 71, in run
File "myspace/trion/bugs/new_minimal/xla/cross_xla_autocluster_slice_oob_suppress.py", line 47, in f_jit

	 [[{{node Slice_1}}]]
	tf2xla conversion failed while converting __inference_f_jit_22[_XlaMustCompile=true,config_proto=7932885297272261767,executor_type=11160318154034397263]. Run with TF_DUMP_GRAPH_PREFIX=/path/to/dump/dir and --vmodule=xla_compiler=2 to obtain a dump of the compiled functions.
W0000 00:00:1776413098.284457  339876 local_rendezvous.cc:412] Local rendezvous is aborting with status: INVALID_ARGUMENT: Expected size[2] in [0, 3], but got 4
W0000 00:00:1776413098.286859  339876 op_kernel.cc:1858] OP_REQUIRES failed at xla_ops.cc:602 : INVALID_ARGUMENT: Expected size[2] in [0, 3], but got 4

Stack trace for op definition: 
File "myspace/trion/bugs/new_minimal/xla/cross_xla_autocluster_slice_oob_suppress.py", line 77, in <module>
File "myspace/trion/bugs/new_minimal/xla/cross_xla_autocluster_slice_oob_suppress.py", line 71, in run
File "myspace/trion/bugs/new_minimal/xla/cross_xla_autocluster_slice_oob_suppress.py", line 47, in f_jit

	 [[{{node Slice_1}}]]
	tf2xla conversion failed while converting __inference_f_jit_55[_XlaMustCompile=true,config_proto=7932885297272261767,executor_type=11160318154034397263]. Run with TF_DUMP_GRAPH_PREFIX=/path/to/dump/dir and --vmodule=xla_compiler=2 to obtain a dump of the compiled functions.
W0000 00:00:1776413098.298208  339876 op_kernel.cc:1858] OP_REQUIRES failed at xla_ops.cc:602 : INVALID_ARGUMENT: Expected size[2] in [0, 3], but got 4

Stack trace for op definition: 
File "myspace/trion/bugs/new_minimal/xla/cross_xla_autocluster_slice_oob_suppress.py", line 77, in <module>
File "myspace/trion/bugs/new_minimal/xla/cross_xla_autocluster_slice_oob_suppress.py", line 71, in run
File "myspace/trion/bugs/new_minimal/xla/cross_xla_autocluster_slice_oob_suppress.py", line 47, in f_jit

	 [[{{node Slice_1}}]]
	tf2xla conversion failed while converting __inference_f_jit_88[_XlaMustCompile=true,config_proto=7932885297272261767,executor_type=11160318154034397263]. Run with TF_DUMP_GRAPH_PREFIX=/path/to/dump/dir and --vmodule=xla_compiler=2 to obtain a dump of the compiled functions.
W0000 00:00:1776413098.308274  339876 local_rendezvous.cc:412] Local rendezvous is aborting with status: INVALID_ARGUMENT: Expected size[2] in [0, 3], but got 4
W0000 00:00:1776413098.310369  339876 op_kernel.cc:1858] OP_REQUIRES failed at xla_ops.cc:602 : INVALID_ARGUMENT: Expected size[2] in [0, 3], but got 4

Stack trace for op definition: 
File "myspace/trion/bugs/new_minimal/xla/cross_xla_autocluster_slice_oob_suppress.py", line 77, in <module>
File "myspace/trion/bugs/new_minimal/xla/cross_xla_autocluster_slice_oob_suppress.py", line 71, in run
File "myspace/trion/bugs/new_minimal/xla/cross_xla_autocluster_slice_oob_suppress.py", line 47, in f_jit

	 [[{{node Slice_1}}]]
	tf2xla conversion failed while converting __inference_f_jit_121[_XlaMustCompile=true,config_proto=7932885297272261767,executor_type=11160318154034397263]. Run with TF_DUMP_GRAPH_PREFIX=/path/to/dump/dir and --vmodule=xla_compiler=2 to obtain a dump of the compiled functions.
Case                   Eager                          XLA jit                        Autocluster
----------------------------------------------------------------------------------------------------
V1: shape=(1,3,3,2)    RAISED InvalidArgumentError    RAISED InvalidArgumentError    OK  [2.0, 3.0, 8.0]...  ← BUG
V2: shape=(2,4,3,3)    RAISED InvalidArgumentError    RAISED InvalidArgumentError    OK  [3.0, 4.0, 5.0]...  ← BUG
V3: shape=(1,5,3,1)    RAISED InvalidArgumentError    RAISED InvalidArgumentError    OK  [1.0, 4.0, 7.0]...  ← BUG
V4: shape=(3,2,3,4)    RAISED InvalidArgumentError    RAISED InvalidArgumentError    OK  [4.0, 5.0, 6.0]...  ← BUG
