WARNING: All log messages before absl::InitializeLog() is called are written to STDERR
I0000 00:00:1776431900.038380 2629185 port.cc:153] oneDNN custom operations are on. You may see slightly different numerical results due to floating-point round-off errors from different computation orders. To turn them off, set the environment variable `TF_ENABLE_ONEDNN_OPTS=0`.
WARNING: All log messages before absl::InitializeLog() is called are written to STDERR
I0000 00:00:1776431900.943095 2629185 port.cc:153] oneDNN custom operations are on. You may see slightly different numerical results due to floating-point round-off errors from different computation orders. To turn them off, set the environment variable `TF_ENABLE_ONEDNN_OPTS=0`.
WARNING:tensorflow:5 out of the last 5 calls to <function mk_resize.<locals>.build.<locals>.f at 0x7a3f86c2c360> triggered tf.function retracing. Tracing is expensive and the excessive number of tracings could be due to (1) creating @tf.function repeatedly in a loop, (2) passing tensors with different shapes, (3) passing Python objects instead of tensors. For (1), please define your @tf.function outside of the loop. For (2), @tf.function has reduce_retracing=True option that can avoid unnecessary retracing. For (3), please refer to https://www.tensorflow.org/guide/function#controlling_retracing and https://www.tensorflow.org/api_docs/python/tf/function for  more details.
WARNING:tensorflow:6 out of the last 6 calls to <function mk_resize.<locals>.build.<locals>.f at 0x7a3f86c2c900> triggered tf.function retracing. Tracing is expensive and the excessive number of tracings could be due to (1) creating @tf.function repeatedly in a loop, (2) passing tensors with different shapes, (3) passing Python objects instead of tensors. For (1), please define your @tf.function outside of the loop. For (2), @tf.function has reduce_retracing=True option that can avoid unnecessary retracing. For (3), please refer to https://www.tensorflow.org/guide/function#controlling_retracing and https://www.tensorflow.org/api_docs/python/tf/function for  more details.
[nearest 3x3->5x5]
  eager first 8 : [1. 1. 2. 3. 3. 1. 1. 2.]
  xla   first 8 : [1. 1. 2. 3. 3. 1. 1. 2.]
  max_abs diff  : 0
[nearest 5x5->8x8]
  eager first 8 : [1. 1. 2. 3. 3. 4. 5. 5.]
  xla   first 8 : [1. 1. 2. 3. 3. 4. 5. 5.]
  max_abs diff  : 0
[nearest 4x4->7x7]
  eager first 8 : [1. 1. 2. 3. 3. 4. 4. 1.]
  xla   first 8 : [1. 1. 2. 3. 3. 4. 4. 1.]
  max_abs diff  : 0
[nearest 3x5->5x8]
  eager first 8 : [1. 1. 2. 3. 3. 4. 5. 5.]
  xla   first 8 : [1. 1. 2. 3. 3. 4. 5. 5.]
  max_abs diff  : 0
[nearest 7x7->3x3]
  eager first 8 : [ 9. 11. 13. 23. 25. 27. 37. 39.]
  xla   first 8 : [ 9. 11. 13. 23. 25. 27. 37. 39.]
  max_abs diff  : 0
[bilinear-antialias 8x8->3x3] error: InvalidArgumentError: Detected unsupported operations when trying to compile graph __inference_f_112[_XlaMustCompile=true,config_proto=1356131
[bilinear-antialias 16x16->5x5] error: InvalidArgumentError: Detected unsupported operations when trying to compile graph __inference_f_143[_XlaMustCompile=true,config_proto=1356131
[bilinear-antialias 7x7->3x3] error: InvalidArgumentError: Detected unsupported operations when trying to compile graph __inference_f_174[_XlaMustCompile=true,config_proto=1356131
[bicubic 5x5->8x8] error: InvalidArgumentError: Detected unsupported operations when trying to compile graph __inference_f_187[_XlaMustCompile=true,config_proto=1356131
[bicubic 7x7->11x11] error: InvalidArgumentError: Detected unsupported operations when trying to compile graph __inference_f_200[_XlaMustCompile=true,config_proto=1356131
[conv2d 7x7 stride2 SAME]
  eager first 8 : [ 1.7891998   2.509119   -1.8044198  -1.0110221  -4.726298    2.1174128
  0.81777066 -0.37498742]
  xla   first 8 : [ 0.3732847   1.634612   -0.7032193  -0.44699797  1.634138    1.8180387
 -3.9330068  -2.3925061 ]
  max_abs diff  : 12.3422

BUG REPRODUCED — 1 case(s) diverge between XLA and eager:
  - conv2d 7x7 stride2 SAME: max_abs diff = 12.3422
